  example.cpp
D:\OOP_Project_01\Technic_0702_yeh_final_submit\Example\geometry.h(10,10): warning C4067: unexpected tokens following preprocessor directive - expected a newline
D:\OOP_Project_01\Technic_0702_yeh_final_submit\Example\tetris.h(30,58): warning C4305: 'initializing': truncation from 'double' to '_Ty'
          with
          [
              _Ty=float
          ]
D:\OOP_Project_01\Technic_0702_yeh_final_submit\Example\tetris.h(32,12): warning C4267: 'initializing': conversion from 'size_t' to 'int', possible loss of data
D:\OOP_Project_01\Technic_0702_yeh_final_submit\Example\tetris_L.h(24,14): warning C4305: 'initializing': truncation from 'double' to 'float'
D:\OOP_Project_01\Technic_0702_yeh_final_submit\Example\tetris_L.h(25,15): warning C4305: 'initializing': truncation from 'double' to 'float'
D:\OOP_Project_01\Technic_0702_yeh_final_submit\Example\tetris_L.h(36,12): warning C4267: 'initializing': conversion from 'size_t' to 'int', possible loss of data
D:\OOP_Project_01\Technic_0702_yeh_final_submit\Example\tetris_T.h(24,14): warning C4305: 'initializing': truncation from 'double' to 'float'
D:\OOP_Project_01\Technic_0702_yeh_final_submit\Example\tetris_T.h(25,15): warning C4305: 'initializing': truncation from 'double' to 'float'
D:\OOP_Project_01\Technic_0702_yeh_final_submit\Example\tetris_T.h(32,12): warning C4267: 'initializing': conversion from 'size_t' to 'int', possible loss of data
D:\OOP_Project_01\Technic_0702_yeh_final_submit\Example\tetris_menu.h(21,15): warning C4305: 'initializing': truncation from 'double' to 'float'
D:\OOP_Project_01\Technic_0702_yeh_final_submit\Example\tetris_menu.h(22,20): warning C4305: 'initializing': truncation from 'double' to 'float'
D:\OOP_Project_01\Technic_0702_yeh_final_submit\Example\tetris_menu.h(23,24): warning C4244: 'initializing': conversion from 'double' to 'float', possible loss of data
D:\OOP_Project_01\Technic_0702_yeh_final_submit\Example\tetris_menu.h(24,17): warning C4305: 'initializing': truncation from 'double' to 'float'
D:\OOP_Project_01\Technic_0702_yeh_final_submit\Example\tetris_menu.h(25,17): warning C4305: 'initializing': truncation from 'double' to 'float'
D:\OOP_Project_01\Technic_0702_yeh_final_submit\Example\example.cpp(525,27): warning C4244: '=': conversion from 'int' to 'float', possible loss of data
D:\OOP_Project_01\Technic_0702_yeh_final_submit\Example\example.cpp(753,14): warning C4244: 'initializing': conversion from 'int' to 'float', possible loss of data
D:\OOP_Project_01\Technic_0702_yeh_final_submit\Example\example.cpp(754,14): warning C4244: 'initializing': conversion from 'int' to 'float', possible loss of data
D:\OOP_Project_01\Technic_0702_yeh_final_submit\Example\example.cpp(755,14): warning C4244: 'initializing': conversion from 'int' to 'float', possible loss of data
D:\OOP_Project_01\Technic_0702_yeh_final_submit\Example\example.cpp(813,12): warning C4244: 'argument': conversion from 'time_t' to 'unsigned int', possible loss of data
D:\OOP_Project_01\Technic_0702_yeh_final_submit\Example\example.cpp(856,43): warning C4305: 'argument': truncation from 'double' to 'float'
D:\OOP_Project_01\Technic_0702_yeh_final_submit\Example\example.cpp(859,45): warning C4305: 'argument': truncation from 'double' to 'float'
D:\OOP_Project_01\Technic_0702_yeh_final_submit\Example\example.cpp(873,117): warning C4305: 'initializing': truncation from 'double' to '_Ty'
          with
          [
              _Ty=float
          ]
D:\OOP_Project_01\Technic_0702_yeh_final_submit\Example\example.cpp(895,61): warning C4267: 'argument': conversion from 'size_t' to 'int', possible loss of data
D:\OOP_Project_01\Technic_0702_yeh_final_submit\Example\example.cpp(896,63): warning C4267: 'argument': conversion from 'size_t' to 'int', possible loss of data
D:\OOP_Project_01\Technic_0702_yeh_final_submit\Example\example.cpp(1089,119): warning C4305: 'initializing': truncation from 'double' to '_Ty'
          with
          [
              _Ty=float
          ]
D:\OOP_Project_01\Technic_0702_yeh_final_submit\Example\example.cpp(1169,17): warning C4244: 'initializing': conversion from 'double' to 'float', possible loss of data
D:\OOP_Project_01\Technic_0702_yeh_final_submit\Example\example.cpp(1170,17): warning C4244: 'initializing': conversion from 'double' to 'float', possible loss of data
D:\OOP_Project_01\Technic_0702_yeh_final_submit\Example\example.cpp(1172,38): warning C4244: 'argument': conversion from 'float' to 'int', possible loss of data
D:\OOP_Project_01\Technic_0702_yeh_final_submit\Example\example.cpp(1172,31): warning C4244: 'argument': conversion from 'float' to 'int', possible loss of data
D:\OOP_Project_01\Technic_0702_yeh_final_submit\Example\example.cpp(1174,39): warning C4244: 'argument': conversion from 'float' to 'int', possible loss of data
D:\OOP_Project_01\Technic_0702_yeh_final_submit\Example\example.cpp(1174,32): warning C4244: 'argument': conversion from 'float' to 'int', possible loss of data
D:\OOP_Project_01\Technic_0702_yeh_final_submit\Example\example.cpp(1189,72): warning C4244: 'argument': conversion from 'float' to 'int', possible loss of data
D:\OOP_Project_01\Technic_0702_yeh_final_submit\Example\example.cpp(731,9): warning C4101: 'count': unreferenced local variable
D:\OOP_Project_01\Technic_0702_yeh_final_submit\Example\example.cpp(731,6): warning C4101: 's': unreferenced local variable
D:\OOP_Project_01\Technic_0702_yeh_final_submit\Example\example.cpp(496): warning C4715: 'loadAudio': not all control paths return a value
  Example.vcxproj -> D:\OOP_Project_01\Technic_0702_yeh_final_submit\x64\Debug\Example.exe
