  ReInit.cpp
D:\OOP_Project_01\OOP_Demo2_0525\Technic_0702_yeh\Example\geometry.h(10,10): warning C4067: unexpected tokens following preprocessor directive - expected a newline
D:\OOP_Project_01\OOP_Demo2_0525\Technic_0702_yeh\Example\tetris.h(30,58): warning C4305: 'initializing': truncation from 'double' to '_Ty'
          with
          [
              _Ty=float
          ]
D:\OOP_Project_01\OOP_Demo2_0525\Technic_0702_yeh\Example\tetris.h(32,12): warning C4267: 'initializing': conversion from 'size_t' to 'int', possible loss of data
D:\OOP_Project_01\OOP_Demo2_0525\Technic_0702_yeh\Example\tetris_L.h(24,14): warning C4305: 'initializing': truncation from 'double' to 'float'
D:\OOP_Project_01\OOP_Demo2_0525\Technic_0702_yeh\Example\tetris_L.h(25,15): warning C4305: 'initializing': truncation from 'double' to 'float'
D:\OOP_Project_01\OOP_Demo2_0525\Technic_0702_yeh\Example\tetris_L.h(36,12): warning C4267: 'initializing': conversion from 'size_t' to 'int', possible loss of data
D:\OOP_Project_01\OOP_Demo2_0525\Technic_0702_yeh\Example\tetris_T.h(24,14): warning C4305: 'initializing': truncation from 'double' to 'float'
D:\OOP_Project_01\OOP_Demo2_0525\Technic_0702_yeh\Example\tetris_T.h(25,15): warning C4305: 'initializing': truncation from 'double' to 'float'
D:\OOP_Project_01\OOP_Demo2_0525\Technic_0702_yeh\Example\tetris_T.h(32,12): warning C4267: 'initializing': conversion from 'size_t' to 'int', possible loss of data
D:\OOP_Project_01\OOP_Demo2_0525\Technic_0702_yeh\Example\ReInit.cpp(28,117): warning C4305: 'initializing': truncation from 'double' to '_Ty'
          with
          [
              _Ty=float
          ]
D:\OOP_Project_01\OOP_Demo2_0525\Technic_0702_yeh\Example\ReInit.cpp(44,61): warning C4267: 'argument': conversion from 'size_t' to 'int', possible loss of data
D:\OOP_Project_01\OOP_Demo2_0525\Technic_0702_yeh\Example\ReInit.cpp(45,63): warning C4267: 'argument': conversion from 'size_t' to 'int', possible loss of data
  example.cpp
D:\OOP_Project_01\OOP_Demo2_0525\Technic_0702_yeh\Example\geometry.h(10,10): warning C4067: unexpected tokens following preprocessor directive - expected a newline
D:\OOP_Project_01\OOP_Demo2_0525\Technic_0702_yeh\Example\tetris.h(30,58): warning C4305: 'initializing': truncation from 'double' to '_Ty'
          with
          [
              _Ty=float
          ]
D:\OOP_Project_01\OOP_Demo2_0525\Technic_0702_yeh\Example\tetris.h(32,12): warning C4267: 'initializing': conversion from 'size_t' to 'int', possible loss of data
D:\OOP_Project_01\OOP_Demo2_0525\Technic_0702_yeh\Example\tetris_L.h(24,14): warning C4305: 'initializing': truncation from 'double' to 'float'
D:\OOP_Project_01\OOP_Demo2_0525\Technic_0702_yeh\Example\tetris_L.h(25,15): warning C4305: 'initializing': truncation from 'double' to 'float'
D:\OOP_Project_01\OOP_Demo2_0525\Technic_0702_yeh\Example\tetris_L.h(36,12): warning C4267: 'initializing': conversion from 'size_t' to 'int', possible loss of data
D:\OOP_Project_01\OOP_Demo2_0525\Technic_0702_yeh\Example\tetris_T.h(24,14): warning C4305: 'initializing': truncation from 'double' to 'float'
D:\OOP_Project_01\OOP_Demo2_0525\Technic_0702_yeh\Example\tetris_T.h(25,15): warning C4305: 'initializing': truncation from 'double' to 'float'
D:\OOP_Project_01\OOP_Demo2_0525\Technic_0702_yeh\Example\tetris_T.h(32,12): warning C4267: 'initializing': conversion from 'size_t' to 'int', possible loss of data
D:\OOP_Project_01\OOP_Demo2_0525\Technic_0702_yeh\Example\tetris_menu.h(21,15): warning C4305: 'initializing': truncation from 'double' to 'float'
D:\OOP_Project_01\OOP_Demo2_0525\Technic_0702_yeh\Example\tetris_menu.h(22,20): warning C4305: 'initializing': truncation from 'double' to 'float'
D:\OOP_Project_01\OOP_Demo2_0525\Technic_0702_yeh\Example\tetris_menu.h(23,24): warning C4244: 'initializing': conversion from 'double' to 'float', possible loss of data
D:\OOP_Project_01\OOP_Demo2_0525\Technic_0702_yeh\Example\tetris_menu.h(24,17): warning C4305: 'initializing': truncation from 'double' to 'float'
D:\OOP_Project_01\OOP_Demo2_0525\Technic_0702_yeh\Example\tetris_menu.h(25,17): warning C4305: 'initializing': truncation from 'double' to 'float'
D:\OOP_Project_01\OOP_Demo2_0525\Technic_0702_yeh\Example\example.cpp(525,27): warning C4244: '=': conversion from 'int' to 'float', possible loss of data
D:\OOP_Project_01\OOP_Demo2_0525\Technic_0702_yeh\Example\example.cpp(753,14): warning C4244: 'initializing': conversion from 'int' to 'float', possible loss of data
D:\OOP_Project_01\OOP_Demo2_0525\Technic_0702_yeh\Example\example.cpp(754,14): warning C4244: 'initializing': conversion from 'int' to 'float', possible loss of data
D:\OOP_Project_01\OOP_Demo2_0525\Technic_0702_yeh\Example\example.cpp(755,14): warning C4244: 'initializing': conversion from 'int' to 'float', possible loss of data
D:\OOP_Project_01\OOP_Demo2_0525\Technic_0702_yeh\Example\example.cpp(813,12): warning C4244: 'argument': conversion from 'time_t' to 'unsigned int', possible loss of data
D:\OOP_Project_01\OOP_Demo2_0525\Technic_0702_yeh\Example\example.cpp(856,43): warning C4305: 'argument': truncation from 'double' to 'float'
D:\OOP_Project_01\OOP_Demo2_0525\Technic_0702_yeh\Example\example.cpp(859,45): warning C4305: 'argument': truncation from 'double' to 'float'
D:\OOP_Project_01\OOP_Demo2_0525\Technic_0702_yeh\Example\example.cpp(873,117): warning C4305: 'initializing': truncation from 'double' to '_Ty'
          with
          [
              _Ty=float
          ]
D:\OOP_Project_01\OOP_Demo2_0525\Technic_0702_yeh\Example\example.cpp(895,61): warning C4267: 'argument': conversion from 'size_t' to 'int', possible loss of data
D:\OOP_Project_01\OOP_Demo2_0525\Technic_0702_yeh\Example\example.cpp(896,63): warning C4267: 'argument': conversion from 'size_t' to 'int', possible loss of data
D:\OOP_Project_01\OOP_Demo2_0525\Technic_0702_yeh\Example\example.cpp(1089,119): warning C4305: 'initializing': truncation from 'double' to '_Ty'
          with
          [
              _Ty=float
          ]
D:\OOP_Project_01\OOP_Demo2_0525\Technic_0702_yeh\Example\example.cpp(1169,17): warning C4244: 'initializing': conversion from 'double' to 'float', possible loss of data
D:\OOP_Project_01\OOP_Demo2_0525\Technic_0702_yeh\Example\example.cpp(1170,17): warning C4244: 'initializing': conversion from 'double' to 'float', possible loss of data
D:\OOP_Project_01\OOP_Demo2_0525\Technic_0702_yeh\Example\example.cpp(1172,38): warning C4244: 'argument': conversion from 'float' to 'int', possible loss of data
D:\OOP_Project_01\OOP_Demo2_0525\Technic_0702_yeh\Example\example.cpp(1172,31): warning C4244: 'argument': conversion from 'float' to 'int', possible loss of data
D:\OOP_Project_01\OOP_Demo2_0525\Technic_0702_yeh\Example\example.cpp(1174,39): warning C4244: 'argument': conversion from 'float' to 'int', possible loss of data
D:\OOP_Project_01\OOP_Demo2_0525\Technic_0702_yeh\Example\example.cpp(1174,32): warning C4244: 'argument': conversion from 'float' to 'int', possible loss of data
D:\OOP_Project_01\OOP_Demo2_0525\Technic_0702_yeh\Example\example.cpp(1189,72): warning C4244: 'argument': conversion from 'float' to 'int', possible loss of data
D:\OOP_Project_01\OOP_Demo2_0525\Technic_0702_yeh\Example\example.cpp(731,9): warning C4101: 'count': unreferenced local variable
D:\OOP_Project_01\OOP_Demo2_0525\Technic_0702_yeh\Example\example.cpp(731,6): warning C4101: 's': unreferenced local variable
  game_body.cpp
D:\OOP_Project_01\OOP_Demo2_0525\Technic_0702_yeh\Example\geometry.h(10,10): warning C4067: unexpected tokens following preprocessor directive - expected a newline
D:\OOP_Project_01\OOP_Demo2_0525\Technic_0702_yeh\Example\tetris.h(30,58): warning C4305: 'initializing': truncation from 'double' to '_Ty'
          with
          [
              _Ty=float
          ]
D:\OOP_Project_01\OOP_Demo2_0525\Technic_0702_yeh\Example\tetris.h(32,12): warning C4267: 'initializing': conversion from 'size_t' to 'int', possible loss of data
D:\OOP_Project_01\OOP_Demo2_0525\Technic_0702_yeh\Example\tetris_L.h(24,14): warning C4305: 'initializing': truncation from 'double' to 'float'
D:\OOP_Project_01\OOP_Demo2_0525\Technic_0702_yeh\Example\tetris_L.h(25,15): warning C4305: 'initializing': truncation from 'double' to 'float'
D:\OOP_Project_01\OOP_Demo2_0525\Technic_0702_yeh\Example\tetris_L.h(36,12): warning C4267: 'initializing': conversion from 'size_t' to 'int', possible loss of data
D:\OOP_Project_01\OOP_Demo2_0525\Technic_0702_yeh\Example\tetris_T.h(24,14): warning C4305: 'initializing': truncation from 'double' to 'float'
D:\OOP_Project_01\OOP_Demo2_0525\Technic_0702_yeh\Example\tetris_T.h(25,15): warning C4305: 'initializing': truncation from 'double' to 'float'
D:\OOP_Project_01\OOP_Demo2_0525\Technic_0702_yeh\Example\tetris_T.h(32,12): warning C4267: 'initializing': conversion from 'size_t' to 'int', possible loss of data
D:\OOP_Project_01\OOP_Demo2_0525\Technic_0702_yeh\Example\game_body.cpp(43,31): warning C4267: '+=': conversion from 'size_t' to 'int', possible loss of data
D:\OOP_Project_01\OOP_Demo2_0525\Technic_0702_yeh\Example\game_body.cpp(46,65): warning C4267: 'argument': conversion from 'size_t' to 'int', possible loss of data
D:\OOP_Project_01\OOP_Demo2_0525\Technic_0702_yeh\Example\game_body.cpp(54,64): warning C4267: 'argument': conversion from 'size_t' to 'int', possible loss of data
  geometry.cpp
D:\OOP_Project_01\OOP_Demo2_0525\Technic_0702_yeh\Example\geometry.h(10,10): warning C4067: unexpected tokens following preprocessor directive - expected a newline
D:\OOP_Project_01\OOP_Demo2_0525\Technic_0702_yeh\Example\geometry.cpp(15,16): warning C4244: 'initializing': conversion from 'double' to 'float', possible loss of data
D:\OOP_Project_01\OOP_Demo2_0525\Technic_0702_yeh\Example\geometry.cpp(16,10): warning C4244: 'initializing': conversion from 'double' to 'float', possible loss of data
D:\OOP_Project_01\OOP_Demo2_0525\Technic_0702_yeh\Example\geometry.cpp(17,11): warning C4244: 'initializing': conversion from 'double' to 'float', possible loss of data
D:\OOP_Project_01\OOP_Demo2_0525\Technic_0702_yeh\Example\geometry.cpp(39,13): warning C4244: 'initializing': conversion from 'double' to 'float', possible loss of data
D:\OOP_Project_01\OOP_Demo2_0525\Technic_0702_yeh\Example\geometry.cpp(40,13): warning C4244: 'initializing': conversion from 'double' to 'float', possible loss of data
D:\OOP_Project_01\OOP_Demo2_0525\Technic_0702_yeh\Example\geometry.cpp(41,13): warning C4244: 'initializing': conversion from 'double' to 'float', possible loss of data
D:\OOP_Project_01\OOP_Demo2_0525\Technic_0702_yeh\Example\geometry.cpp(95,78): warning C4267: 'argument': conversion from 'size_t' to 'int', possible loss of data
D:\OOP_Project_01\OOP_Demo2_0525\Technic_0702_yeh\Example\geometry.cpp(97,93): warning C4267: 'argument': conversion from 'size_t' to 'int', possible loss of data
D:\OOP_Project_01\OOP_Demo2_0525\Technic_0702_yeh\Example\geometry.cpp(130,80): warning C4267: 'argument': conversion from 'size_t' to 'int', possible loss of data
D:\OOP_Project_01\OOP_Demo2_0525\Technic_0702_yeh\Example\geometry.cpp(157,78): warning C4267: 'argument': conversion from 'size_t' to 'int', possible loss of data
D:\OOP_Project_01\OOP_Demo2_0525\Technic_0702_yeh\Example\geometry.cpp(159,82): warning C4267: 'argument': conversion from 'size_t' to 'int', possible loss of data
  keyboard.cpp
D:\OOP_Project_01\OOP_Demo2_0525\Technic_0702_yeh\Example\geometry.h(10,10): warning C4067: unexpected tokens following preprocessor directive - expected a newline
D:\OOP_Project_01\OOP_Demo2_0525\Technic_0702_yeh\Example\tetris.h(30,58): warning C4305: 'initializing': truncation from 'double' to '_Ty'
          with
          [
              _Ty=float
          ]
D:\OOP_Project_01\OOP_Demo2_0525\Technic_0702_yeh\Example\tetris.h(32,12): warning C4267: 'initializing': conversion from 'size_t' to 'int', possible loss of data
D:\OOP_Project_01\OOP_Demo2_0525\Technic_0702_yeh\Example\tetris_L.h(24,14): warning C4305: 'initializing': truncation from 'double' to 'float'
D:\OOP_Project_01\OOP_Demo2_0525\Technic_0702_yeh\Example\tetris_L.h(25,15): warning C4305: 'initializing': truncation from 'double' to 'float'
D:\OOP_Project_01\OOP_Demo2_0525\Technic_0702_yeh\Example\tetris_L.h(36,12): warning C4267: 'initializing': conversion from 'size_t' to 'int', possible loss of data
D:\OOP_Project_01\OOP_Demo2_0525\Technic_0702_yeh\Example\tetris_T.h(24,14): warning C4305: 'initializing': truncation from 'double' to 'float'
D:\OOP_Project_01\OOP_Demo2_0525\Technic_0702_yeh\Example\tetris_T.h(25,15): warning C4305: 'initializing': truncation from 'double' to 'float'
D:\OOP_Project_01\OOP_Demo2_0525\Technic_0702_yeh\Example\tetris_T.h(32,12): warning C4267: 'initializing': conversion from 'size_t' to 'int', possible loss of data
D:\OOP_Project_01\OOP_Demo2_0525\Technic_0702_yeh\Example\keyboard.cpp(34,13): warning C4305: '+=': truncation from 'double' to 'float'
D:\OOP_Project_01\OOP_Demo2_0525\Technic_0702_yeh\Example\keyboard.cpp(207,42): warning C4305: 'initializing': truncation from 'double' to '_Ty'
          with
          [
              _Ty=float
          ]
D:\OOP_Project_01\OOP_Demo2_0525\Technic_0702_yeh\Example\keyboard.cpp(215,42): warning C4305: 'initializing': truncation from 'double' to '_Ty'
          with
          [
              _Ty=float
          ]
D:\OOP_Project_01\OOP_Demo2_0525\Technic_0702_yeh\Example\keyboard.cpp(226,39): warning C4305: 'initializing': truncation from 'double' to '_Ty'
          with
          [
              _Ty=float
          ]
D:\OOP_Project_01\OOP_Demo2_0525\Technic_0702_yeh\Example\keyboard.cpp(229,40): warning C4305: 'initializing': truncation from 'double' to '_Ty'
          with
          [
              _Ty=float
          ]
D:\OOP_Project_01\OOP_Demo2_0525\Technic_0702_yeh\Example\keyboard.cpp(239,39): warning C4305: 'initializing': truncation from 'double' to '_Ty'
          with
          [
              _Ty=float
          ]
D:\OOP_Project_01\OOP_Demo2_0525\Technic_0702_yeh\Example\keyboard.cpp(242,40): warning C4305: 'initializing': truncation from 'double' to '_Ty'
          with
          [
              _Ty=float
          ]
D:\OOP_Project_01\OOP_Demo2_0525\Technic_0702_yeh\Example\keyboard.cpp(252,39): warning C4305: 'initializing': truncation from 'double' to '_Ty'
          with
          [
              _Ty=float
          ]
D:\OOP_Project_01\OOP_Demo2_0525\Technic_0702_yeh\Example\keyboard.cpp(255,40): warning C4305: 'initializing': truncation from 'double' to '_Ty'
          with
          [
              _Ty=float
          ]
D:\OOP_Project_01\OOP_Demo2_0525\Technic_0702_yeh\Example\keyboard.cpp(265,39): warning C4305: 'initializing': truncation from 'double' to '_Ty'
          with
          [
              _Ty=float
          ]
D:\OOP_Project_01\OOP_Demo2_0525\Technic_0702_yeh\Example\keyboard.cpp(268,40): warning C4305: 'initializing': truncation from 'double' to '_Ty'
          with
          [
              _Ty=float
          ]
  model.cpp
D:\OOP_Project_01\OOP_Demo2_0525\Technic_0702_yeh\Example\geometry.h(10,10): warning C4067: unexpected tokens following preprocessor directive - expected a newline
  polygon_clipping.cpp
D:\OOP_Project_01\OOP_Demo2_0525\Technic_0702_yeh\Example\geometry.h(10,10): warning C4067: unexpected tokens following preprocessor directive - expected a newline
D:\OOP_Project_01\OOP_Demo2_0525\Technic_0702_yeh\Example\polygon_clipping.cpp(60,14): warning C4244: 'initializing': conversion from 'double' to 'float', possible loss of data
  render.cpp
D:\OOP_Project_01\OOP_Demo2_0525\Technic_0702_yeh\Example\geometry.h(10,10): warning C4067: unexpected tokens following preprocessor directive - expected a newline
D:\OOP_Project_01\OOP_Demo2_0525\Technic_0702_yeh\Example\render.cpp(59,61): warning C4305: 'argument': truncation from 'double' to 'float'
D:\OOP_Project_01\OOP_Demo2_0525\Technic_0702_yeh\Example\render.cpp(187,2): warning C4267: 'initializing': conversion from 'size_t' to 'int', possible loss of data
D:\OOP_Project_01\OOP_Demo2_0525\Technic_0702_yeh\Example\render.cpp(190,40): warning C4267: 'initializing': conversion from 'size_t' to 'int', possible loss of data
D:\OOP_Project_01\OOP_Demo2_0525\Technic_0702_yeh\Example\render.cpp(224,73): warning C4267: 'initializing': conversion from 'size_t' to 'int', possible loss of data
D:\OOP_Project_01\OOP_Demo2_0525\Technic_0702_yeh\Example\render.cpp(293,63): warning C4244: 'argument': conversion from '_Ty' to 'const unsigned __int64', possible loss of data
          with
          [
              _Ty=float
          ]
D:\OOP_Project_01\OOP_Demo2_0525\Technic_0702_yeh\Example\render.cpp(294,63): warning C4244: 'argument': conversion from '_Ty' to 'const unsigned __int64', possible loss of data
          with
          [
              _Ty=float
          ]
D:\OOP_Project_01\OOP_Demo2_0525\Technic_0702_yeh\Example\render.cpp(429,61): warning C4305: 'argument': truncation from 'double' to 'float'
D:\OOP_Project_01\OOP_Demo2_0525\Technic_0702_yeh\Example\render.cpp(540,2): warning C4267: 'initializing': conversion from 'size_t' to 'int', possible loss of data
D:\OOP_Project_01\OOP_Demo2_0525\Technic_0702_yeh\Example\render.cpp(543,39): warning C4267: 'initializing': conversion from 'size_t' to 'int', possible loss of data
D:\OOP_Project_01\OOP_Demo2_0525\Technic_0702_yeh\Example\render.cpp(571,72): warning C4267: 'initializing': conversion from 'size_t' to 'int', possible loss of data
D:\OOP_Project_01\OOP_Demo2_0525\Technic_0702_yeh\Example\render.cpp(639,61): warning C4244: 'argument': conversion from '_Ty' to 'const unsigned __int64', possible loss of data
          with
          [
              _Ty=float
          ]
D:\OOP_Project_01\OOP_Demo2_0525\Technic_0702_yeh\Example\render.cpp(640,61): warning C4244: 'argument': conversion from '_Ty' to 'const unsigned __int64', possible loss of data
          with
          [
              _Ty=float
          ]
  rules.cpp
D:\OOP_Project_01\OOP_Demo2_0525\Technic_0702_yeh\Example\geometry.h(10,10): warning C4067: unexpected tokens following preprocessor directive - expected a newline
D:\OOP_Project_01\OOP_Demo2_0525\Technic_0702_yeh\Example\tetris.h(30,58): warning C4305: 'initializing': truncation from 'double' to '_Ty'
          with
          [
              _Ty=float
          ]
D:\OOP_Project_01\OOP_Demo2_0525\Technic_0702_yeh\Example\tetris.h(32,12): warning C4267: 'initializing': conversion from 'size_t' to 'int', possible loss of data
D:\OOP_Project_01\OOP_Demo2_0525\Technic_0702_yeh\Example\tetris_L.h(24,14): warning C4305: 'initializing': truncation from 'double' to 'float'
D:\OOP_Project_01\OOP_Demo2_0525\Technic_0702_yeh\Example\tetris_L.h(25,15): warning C4305: 'initializing': truncation from 'double' to 'float'
D:\OOP_Project_01\OOP_Demo2_0525\Technic_0702_yeh\Example\tetris_L.h(36,12): warning C4267: 'initializing': conversion from 'size_t' to 'int', possible loss of data
D:\OOP_Project_01\OOP_Demo2_0525\Technic_0702_yeh\Example\tetris_T.h(24,14): warning C4305: 'initializing': truncation from 'double' to 'float'
D:\OOP_Project_01\OOP_Demo2_0525\Technic_0702_yeh\Example\tetris_T.h(25,15): warning C4305: 'initializing': truncation from 'double' to 'float'
D:\OOP_Project_01\OOP_Demo2_0525\Technic_0702_yeh\Example\tetris_T.h(32,12): warning C4267: 'initializing': conversion from 'size_t' to 'int', possible loss of data
D:\OOP_Project_01\OOP_Demo2_0525\Technic_0702_yeh\Example\rules.cpp(31,120): warning C4305: 'initializing': truncation from 'double' to '_Ty'
          with
          [
              _Ty=float
          ]
D:\OOP_Project_01\OOP_Demo2_0525\Technic_0702_yeh\Example\rules.cpp(31,120): warning C4267: 'argument': conversion from 'size_t' to 'int', possible loss of data
D:\OOP_Project_01\OOP_Demo2_0525\Technic_0702_yeh\Example\rules.cpp(35,32): warning C4267: 'argument': conversion from 'size_t' to '_Ty', possible loss of data
          with
          [
              _Ty=int
          ]
D:\OOP_Project_01\OOP_Demo2_0525\Technic_0702_yeh\Example\rules.cpp(48,26): warning C4305: 'initializing': truncation from 'double' to '_Ty'
          with
          [
              _Ty=float
          ]
D:\OOP_Project_01\OOP_Demo2_0525\Technic_0702_yeh\Example\rules.cpp(49,33): warning C4305: 'initializing': truncation from 'double' to '_Ty'
          with
          [
              _Ty=float
          ]
D:\OOP_Project_01\OOP_Demo2_0525\Technic_0702_yeh\Example\rules.cpp(25,28): warning C4101: 'now_hint': unreferenced local variable
D:\OOP_Project_01\OOP_Demo2_0525\Technic_0702_yeh\Example\rules.cpp(103,62): warning C4267: 'argument': conversion from 'size_t' to 'int', possible loss of data
D:\OOP_Project_01\OOP_Demo2_0525\Technic_0702_yeh\Example\rules.cpp(104,64): warning C4267: 'argument': conversion from 'size_t' to 'int', possible loss of data
D:\OOP_Project_01\OOP_Demo2_0525\Technic_0702_yeh\Example\rules.cpp(107,78): warning C4267: 'argument': conversion from 'size_t' to 'int', possible loss of data
D:\OOP_Project_01\OOP_Demo2_0525\Technic_0702_yeh\Example\rules.cpp(108,80): warning C4267: 'argument': conversion from 'size_t' to 'int', possible loss of data
  tetris.cpp
D:\OOP_Project_01\OOP_Demo2_0525\Technic_0702_yeh\Example\geometry.h(10,10): warning C4067: unexpected tokens following preprocessor directive - expected a newline
D:\OOP_Project_01\OOP_Demo2_0525\Technic_0702_yeh\Example\tetris.h(30,58): warning C4305: 'initializing': truncation from 'double' to '_Ty'
          with
          [
              _Ty=float
          ]
D:\OOP_Project_01\OOP_Demo2_0525\Technic_0702_yeh\Example\tetris.h(32,12): warning C4267: 'initializing': conversion from 'size_t' to 'int', possible loss of data
D:\OOP_Project_01\OOP_Demo2_0525\Technic_0702_yeh\Example\tetris.cpp(201,7): warning C4101: 'repeat': unreferenced local variable
D:\OOP_Project_01\OOP_Demo2_0525\Technic_0702_yeh\Example\tetris.cpp(257,23): warning C4305: 'initializing': truncation from 'double' to 'float'
  tetris_all.cpp
D:\OOP_Project_01\OOP_Demo2_0525\Technic_0702_yeh\Example\geometry.h(10,10): warning C4067: unexpected tokens following preprocessor directive - expected a newline
D:\OOP_Project_01\OOP_Demo2_0525\Technic_0702_yeh\Example\tetris_all.cpp(69,36): warning C4305: 'initializing': truncation from 'double' to '_Ty'
          with
          [
              _Ty=float
          ]
D:\OOP_Project_01\OOP_Demo2_0525\Technic_0702_yeh\Example\tetris_all.cpp(73,51): warning C4305: 'initializing': truncation from 'double' to '_Ty'
          with
          [
              _Ty=float
          ]
D:\OOP_Project_01\OOP_Demo2_0525\Technic_0702_yeh\Example\tetris_all.cpp(77,51): warning C4305: 'initializing': truncation from 'double' to '_Ty'
          with
          [
              _Ty=float
          ]
D:\OOP_Project_01\OOP_Demo2_0525\Technic_0702_yeh\Example\tetris_all.cpp(80,39): warning C4305: 'initializing': truncation from 'double' to '_Ty'
          with
          [
              _Ty=float
          ]
D:\OOP_Project_01\OOP_Demo2_0525\Technic_0702_yeh\Example\tetris_all.cpp(83,40): warning C4305: 'initializing': truncation from 'double' to '_Ty'
          with
          [
              _Ty=float
          ]
D:\OOP_Project_01\OOP_Demo2_0525\Technic_0702_yeh\Example\tetris_all.cpp(87,39): warning C4305: 'initializing': truncation from 'double' to '_Ty'
          with
          [
              _Ty=float
          ]
D:\OOP_Project_01\OOP_Demo2_0525\Technic_0702_yeh\Example\tetris_all.cpp(90,40): warning C4305: 'initializing': truncation from 'double' to '_Ty'
          with
          [
              _Ty=float
          ]
D:\OOP_Project_01\OOP_Demo2_0525\Technic_0702_yeh\Example\tetris_all.cpp(94,51): warning C4305: 'initializing': truncation from 'double' to '_Ty'
          with
          [
              _Ty=float
          ]
D:\OOP_Project_01\OOP_Demo2_0525\Technic_0702_yeh\Example\tetris_all.cpp(97,39): warning C4305: 'initializing': truncation from 'double' to '_Ty'
          with
          [
              _Ty=float
          ]
D:\OOP_Project_01\OOP_Demo2_0525\Technic_0702_yeh\Example\tetris_all.cpp(107,2): warning C4305: 'initializing': truncation from 'double' to '_Ty'
          with
          [
              _Ty=float
          ]
  tetris_menu.cpp
D:\OOP_Project_01\OOP_Demo2_0525\Technic_0702_yeh\Example\geometry.h(10,10): warning C4067: unexpected tokens following preprocessor directive - expected a newline
D:\OOP_Project_01\OOP_Demo2_0525\Technic_0702_yeh\Example\tetris_menu.h(21,15): warning C4305: 'initializing': truncation from 'double' to 'float'
D:\OOP_Project_01\OOP_Demo2_0525\Technic_0702_yeh\Example\tetris_menu.h(22,20): warning C4305: 'initializing': truncation from 'double' to 'float'
D:\OOP_Project_01\OOP_Demo2_0525\Technic_0702_yeh\Example\tetris_menu.h(23,24): warning C4244: 'initializing': conversion from 'double' to 'float', possible loss of data
D:\OOP_Project_01\OOP_Demo2_0525\Technic_0702_yeh\Example\tetris_menu.h(24,17): warning C4305: 'initializing': truncation from 'double' to 'float'
D:\OOP_Project_01\OOP_Demo2_0525\Technic_0702_yeh\Example\tetris_menu.h(25,17): warning C4305: 'initializing': truncation from 'double' to 'float'
  Generating code
  20 of 890 functions ( 2.2%) were compiled, the rest were copied from previous compilation.
    1 functions were new in current compilation
    105 functions had inline decision re-evaluated but remain unchanged
  Finished generating code
  Example.vcxproj -> D:\OOP_Project_01\OOP_Demo2_0525\Technic_0702_yeh\x64\Release\Example.exe
